-------------------------------------------------------------------------------
Test set: studentsinfo.CreateStudentsDataDrivenTest
-------------------------------------------------------------------------------
Tests run: 1, Failures: 0, Errors: 1, Skipped: 0, Time elapsed: 0.004 s <<< FAILURE! - in studentsinfo.CreateStudentsDataDrivenTest
studentsinfo.CreateStudentsDataDrivenTest.initializationError  Time elapsed: 0.004 s  <<< ERROR!
io.cucumber.tagexpressions.TagExpressionException: Tag expression 'studentfeature:negative, studentfeature:smoke' could not be parsed because of syntax error: expected operator

